GEM_initialize
Verbosity - disabled, readonly=no
Connecting to >> 192.168.1.24
Connecting to >> 192.168.1.25
Connecting to >> 192.168.1.26
Connecting to >> 192.168.1.27
GEM_configureDetectors
recv() fault:Resource temporarily unavailable
Disabling input trigger...
Disabling input trigger...
Disabling input trigger...
pedestals were uploaded in 3521 microseconds by 45 packets.
pedestals were uploaded in 3390 microseconds by 45 packets.
pedestals were uploaded in 3384 microseconds by 45 packets.
GEM_startOfRun
Enabling trigger input.
Enabling trigger input.
Enabling trigger input.
recv() fault:Resource temporarily unavailable
recv() fault:Resource temporarily unavailable
recv() fault:Resource temporarily unavailable
[78] Header length mismatch! (1028 != 1024)
[108] Header length mismatch! (1104 != 1024)
[141] Header length mismatch! (1080 != 1024)
[736] Header length mismatch! (1248 != 1024)
[777] Header length mismatch! (1088 != 1024)
[820] Header length mismatch! (1368 != 1024)
[900] Header length mismatch! (1520 != 1024)
[954] Header length mismatch! (1056 != 1024)
[1350] Header length mismatch! (1324 != 1024)
[1679] Header length mismatch! (1268 != 1024)
[1738] Header length mismatch! (1128 != 1024)
[1935] Header length mismatch! (1412 != 1024)
[2002] Header length mismatch! (1040 != 1024)
[2050] Header length mismatch! (1028 != 1024)
[2063] Header length mismatch! (1220 != 1024)
[2171] Header length mismatch! (1780 != 1024)
[2327] Header length mismatch! (1212 != 1024)
[2332] Header length mismatch! (1392 != 1024)
[2373] Header length mismatch! (1840 != 1024)
[2396] Header length mismatch! (1132 != 1024)
[2439] Header length mismatch! (1280 != 1024)
[2624] Header length mismatch! (1384 != 1024)
[2884] Header length mismatch! (1404 != 1024)
[2911] Header length mismatch! (1212 != 1024)
[2970] Header length mismatch! (1364 != 1024)
[3021] Header length mismatch! (1088 != 1024)
[3127] Header length mismatch! (1108 != 1024)
[3215] Header length mismatch! (1328 != 1024)
[3447] Header length mismatch! (1576 != 1024)
[3538] Header length mismatch! (1188 != 1024)
[3565] Header length mismatch! (1764 != 1024)
[3740] Header length mismatch! (1032 != 1024)
[3754] Header length mismatch! (1104 != 1024)
[3804] Header length mismatch! (1688 != 1024)
[3869] Header length mismatch! (1212 != 1024)
[3939] Header length mismatch! (1852 != 1024)
[4028] Header length mismatch! (1060 != 1024)
[4044] Header length mismatch! (1092 != 1024)
[4344] Header length mismatch! (1216 != 1024)
[4513] Header length mismatch! (1280 != 1024)
[4542] Header length mismatch! (1272 != 1024)
[4556] Header length mismatch! (1412 != 1024)
[4668] Header length mismatch! (1156 != 1024)
[4814] Header length mismatch! (1356 != 1024)
[4985] Header length mismatch! (1320 != 1024)
[5018] Header length mismatch! (1092 != 1024)
[5137] Header length mismatch! (1104 != 1024)
[5192] Header length mismatch! (1660 != 1024)
[5458] Header length mismatch! (1168 != 1024)
[5666] Header length mismatch! (1028 != 1024)
[5673] Header length mismatch! (1144 != 1024)
[5678] Header length mismatch! (1584 != 1024)
[5864] Header length mismatch! (1168 != 1024)
[5869] Header length mismatch! (1388 != 1024)
[5981] Header length mismatch! (1072 != 1024)
[6106] Header length mismatch! (1132 != 1024)
[6121] Header length mismatch! (1260 != 1024)
[6212] Header length mismatch! (1260 != 1024)
[6218] Header length mismatch! (1280 != 1024)
[6222] Header length mismatch! (1648 != 1024)
[6373] Header length mismatch! (1560 != 1024)
[6417] Header length mismatch! (1188 != 1024)
[6421] Header length mismatch! (1088 != 1024)
[6437] Header length mismatch! (1616 != 1024)
[6444] Header length mismatch! (1528 != 1024)
[6632] Header length mismatch! (2032 != 1024)
[6680] Header length mismatch! (1280 != 1024)
[6828] Header length mismatch! (1332 != 1024)
[6870] Header length mismatch! (1340 != 1024)
[6884] Header length mismatch! (1176 != 1024)
[6985] Header length mismatch! (1384 != 1024)
[7019] Header length mismatch! (1232 != 1024)
[7139] Header length mismatch! (1260 != 1024)
[7181] Header length mismatch! (1052 != 1024)
[7367] Header length mismatch! (1112 != 1024)
[7396] Header length mismatch! (1200 != 1024)
[7614] Header length mismatch! (1324 != 1024)
[7691] Header length mismatch! (1040 != 1024)
[7794] Header length mismatch! (1852 != 1024)
[7933] Header length mismatch! (1140 != 1024)
[7976] Header length mismatch! (1320 != 1024)
[8443] Header length mismatch! (1428 != 1024)
[8466] Header length mismatch! (1032 != 1024)
[8615] Header length mismatch! (1080 != 1024)
[9009] Header length mismatch! (1164 != 1024)
[9027] Header length mismatch! (1584 != 1024)
[9095] Header length mismatch! (1268 != 1024)
[9099] Header length mismatch! (1296 != 1024)
[9218] Header length mismatch! (1344 != 1024)
[9355] Header length mismatch! (1316 != 1024)
[9438] Header length mismatch! (1420 != 1024)
[9654] Header length mismatch! (1080 != 1024)
[9928] Header length mismatch! (1132 != 1024)
[9985] Header length mismatch! (1340 != 1024)
[10119] Header length mismatch! (1052 != 1024)
[10310] Header length mismatch! (1032 != 1024)
[10397] Header length mismatch! (1356 != 1024)
[10417] Header length mismatch! (1284 != 1024)
[10488] Header length mismatch! (1568 != 1024)
[10499] Header length mismatch! (1336 != 1024)
[10961] Header length mismatch! (1380 != 1024)
[11058] Header length mismatch! (1116 != 1024)
[11094] Header length mismatch! (1168 != 1024)
[11144] Header length mismatch! (1100 != 1024)
[11182] Header length mismatch! (1220 != 1024)
[11245] Header length mismatch! (1180 != 1024)
[11403] Header length mismatch! (1576 != 1024)
[11449] Header length mismatch! (1048 != 1024)
[11540] Header length mismatch! (1092 != 1024)
[11652] Header length mismatch! (1156 != 1024)
[12000] Header length mismatch! (1220 != 1024)
[12188] Header length mismatch! (1044 != 1024)
[12275] Header length mismatch! (1076 != 1024)
[12586] Header length mismatch! (1044 != 1024)
[12805] Header length mismatch! (1060 != 1024)
[13059] Header length mismatch! (1128 != 1024)
[13077] Header length mismatch! (1168 != 1024)
[13179] Header length mismatch! (1380 != 1024)
[13305] Header length mismatch! (1108 != 1024)
[13336] Header length mismatch! (2396 != 1024)
[13493] Header length mismatch! (1156 != 1024)
[13566] Header length mismatch! (1036 != 1024)
[13758] Header length mismatch! (1336 != 1024)
[13770] Header length mismatch! (1488 != 1024)
[13797] Header length mismatch! (1104 != 1024)
[13892] Header length mismatch! (1044 != 1024)
[14071] Header length mismatch! (1080 != 1024)
[14138] Header length mismatch! (1100 != 1024)
[14165] Header length mismatch! (1288 != 1024)
[14218] Header length mismatch! (1716 != 1024)
[14326] Header length mismatch! (1036 != 1024)
[14515] Header length mismatch! (1252 != 1024)
[14650] Header length mismatch! (1160 != 1024)
[14711] Header length mismatch! (1256 != 1024)
[14771] Header length mismatch! (1192 != 1024)
[15164] Header length mismatch! (1216 != 1024)
[15388] Header length mismatch! (1332 != 1024)
[15592] Header length mismatch! (1424 != 1024)
[15638] Header length mismatch! (1280 != 1024)
[15685] Header length mismatch! (1028 != 1024)
[15687] Header length mismatch! (1316 != 1024)
[15720] Header length mismatch! (1208 != 1024)
[15890] Header length mismatch! (1180 != 1024)
[16272] Header length mismatch! (1036 != 1024)
[16320] Header length mismatch! (1544 != 1024)
[16407] Header length mismatch! (1072 != 1024)
[16489] Header length mismatch! (1040 != 1024)
[16938] Header length mismatch! (1156 != 1024)
[17189] Header length mismatch! (1140 != 1024)
[17255] Header length mismatch! (1312 != 1024)
[17335] Header length mismatch! (1060 != 1024)
[17372] Header length mismatch! (1204 != 1024)
[17405] Header length mismatch! (1228 != 1024)
[17465] Header length mismatch! (1336 != 1024)
[17600] Header length mismatch! (1372 != 1024)
[17698] Header length mismatch! (1200 != 1024)
[17775] Header length mismatch! (1312 != 1024)
[17784] Header length mismatch! (1124 != 1024)
[17809] Header length mismatch! (1172 != 1024)
[18143] Header length mismatch! (1300 != 1024)
[18170] Header length mismatch! (1032 != 1024)
[18231] Header length mismatch! (1040 != 1024)
[18269] Header length mismatch! (1420 != 1024)
[18479] Header length mismatch! (1320 != 1024)
[18653] Header length mismatch! (1244 != 1024)
[18721] Header length mismatch! (1068 != 1024)
[18845] Header length mismatch! (1120 != 1024)
[18890] Header length mismatch! (1216 != 1024)
[18900] Header length mismatch! (1040 != 1024)
[18934] Header length mismatch! (1084 != 1024)
[19059] Header length mismatch! (1308 != 1024)
[19275] Header length mismatch! (1108 != 1024)
[19323] Header length mismatch! (1524 != 1024)
[19496] Header length mismatch! (1092 != 1024)
[19533] Header length mismatch! (1456 != 1024)
[19629] Header length mismatch! (1188 != 1024)
[19855] Header length mismatch! (1080 != 1024)
[19993] Header length mismatch! (1304 != 1024)
[20093] Header length mismatch! (1060 != 1024)
[20315] Header length mismatch! (1052 != 1024)
[20496] Header length mismatch! (1096 != 1024)
[20695] Header length mismatch! (1132 != 1024)
[20775] Header length mismatch! (1384 != 1024)
[20960] Header length mismatch! (1184 != 1024)
[21334] Header length mismatch! (1504 != 1024)
[21858] Header length mismatch! (1364 != 1024)
[21930] Header length mismatch! (1440 != 1024)
[21955] Header length mismatch! (1064 != 1024)
[22134] Header length mismatch! (1428 != 1024)
[22410] Header length mismatch! (1060 != 1024)
[22422] Header length mismatch! (1472 != 1024)
[22527] Header length mismatch! (1096 != 1024)
[22589] Header length mismatch! (1224 != 1024)
[22613] Header length mismatch! (1036 != 1024)
[22748] Header length mismatch! (1156 != 1024)
[22933] Header length mismatch! (1976 != 1024)
[22967] Header length mismatch! (1148 != 1024)
[23084] Header length mismatch! (1100 != 1024)
[23121] Header length mismatch! (1300 != 1024)
[23341] Header length mismatch! (1076 != 1024)
[23393] Header length mismatch! (1192 != 1024)
[23635] Header length mismatch! (1160 != 1024)
[24154] Header length mismatch! (1212 != 1024)
[24174] Header length mismatch! (1096 != 1024)
[24254] Header length mismatch! (1188 != 1024)
[24332] Header length mismatch! (1188 != 1024)
[24653] Header length mismatch! (1640 != 1024)
[24672] Header length mismatch! (1068 != 1024)
[24795] Header length mismatch! (1340 != 1024)
[24951] Header length mismatch! (1192 != 1024)
[25027] Header length mismatch! (1256 != 1024)
[25076] Header length mismatch! (1052 != 1024)
[25319] Header length mismatch! (1092 != 1024)
[25375] Header length mismatch! (1028 != 1024)
[25405] Header length mismatch! (1192 != 1024)
[25695] Header length mismatch! (1096 != 1024)
[25716] Header length mismatch! (1292 != 1024)
[25769] Header length mismatch! (1416 != 1024)
[26005] Header length mismatch! (1164 != 1024)
[26051] Header length mismatch! (1712 != 1024)
[26098] Header length mismatch! (1348 != 1024)
[26179] Header length mismatch! (1220 != 1024)
[26180] Header length mismatch! (1040 != 1024)
[26340] Header length mismatch! (1028 != 1024)
[26385] Header length mismatch! (1272 != 1024)
[26529] Header length mismatch! (1052 != 1024)
[26666] Header length mismatch! (1196 != 1024)
[26806] Header length mismatch! (1636 != 1024)
[26807] Header length mismatch! (1264 != 1024)
[27019] Header length mismatch! (1476 != 1024)
[27033] Header length mismatch! (1112 != 1024)
[27053] Header length mismatch! (1700 != 1024)
[27070] Header length mismatch! (1124 != 1024)
[27126] Header length mismatch! (1384 != 1024)
[27144] Header length mismatch! (1072 != 1024)
[27554] Header length mismatch! (1164 != 1024)
[27639] Header length mismatch! (1068 != 1024)
[27742] Header length mismatch! (1132 != 1024)
[27927] Header length mismatch! (1068 != 1024)
[28269] Header length mismatch! (1364 != 1024)
[28328] Header length mismatch! (1388 != 1024)
[28341] Header length mismatch! (1048 != 1024)
[28591] Header length mismatch! (1028 != 1024)
[28793] Header length mismatch! (1244 != 1024)
[29136] Header length mismatch! (1808 != 1024)
[29145] Header length mismatch! (1132 != 1024)
[29206] Header length mismatch! (1112 != 1024)
[29273] Header length mismatch! (1028 != 1024)
[29492] Header length mismatch! (1656 != 1024)
[29584] Header length mismatch! (1080 != 1024)
[29700] Header length mismatch! (1452 != 1024)
[29707] Header length mismatch! (1236 != 1024)
[29892] Header length mismatch! (1092 != 1024)
[30573] Header length mismatch! (1476 != 1024)
[30595] Header length mismatch! (1048 != 1024)
[30644] Header length mismatch! (1032 != 1024)
[30688] Header length mismatch! (1292 != 1024)
[30773] Header length mismatch! (1128 != 1024)
[30796] Header length mismatch! (1032 != 1024)
[31084] Header length mismatch! (1092 != 1024)
[31162] Header length mismatch! (1056 != 1024)
[31292] Header length mismatch! (1204 != 1024)
[31323] Header length mismatch! (1112 != 1024)
[31501] Header length mismatch! (1412 != 1024)
[31599] Header length mismatch! (1428 != 1024)
[31707] Header length mismatch! (1088 != 1024)
[31708] Header length mismatch! (1444 != 1024)
[31822] Header length mismatch! (1092 != 1024)
[31879] Header length mismatch! (1864 != 1024)
[31941] Header length mismatch! (1132 != 1024)
[32052] Header length mismatch! (1344 != 1024)
[32095] Header length mismatch! (1760 != 1024)
[32136] Header length mismatch! (1088 != 1024)
[32523] Header length mismatch! (1140 != 1024)
[32530] Header length mismatch! (1332 != 1024)
[32972] Header length mismatch! (1072 != 1024)
[33009] Header length mismatch! (1752 != 1024)
[33284] Header length mismatch! (1544 != 1024)
[33291] Header length mismatch! (1488 != 1024)
[33454] Header length mismatch! (1128 != 1024)
[33700] Header length mismatch! (1252 != 1024)
[33700] Header length mismatch! (1672 != 1024)
[33782] Header length mismatch! (1576 != 1024)
[33867] Header length mismatch! (1076 != 1024)
[33972] Header length mismatch! (1152 != 1024)
[34424] Header length mismatch! (1136 != 1024)
[34485] Header length mismatch! (1116 != 1024)
[34594] Header length mismatch! (1076 != 1024)
[35026] Header length mismatch! (1528 != 1024)
[35165] Header length mismatch! (1460 != 1024)
[35194] Header length mismatch! (1104 != 1024)
[35283] Header length mismatch! (1204 != 1024)
[35477] Header length mismatch! (1264 != 1024)
[35527] Header length mismatch! (1328 != 1024)
[35797] Header length mismatch! (1504 != 1024)
[36028] Header length mismatch! (1168 != 1024)
[36157] Header length mismatch! (1220 != 1024)
[36254] Header length mismatch! (1272 != 1024)
[36281] Header length mismatch! (1180 != 1024)
[36294] Header length mismatch! (1444 != 1024)
[36467] Header length mismatch! (1392 != 1024)
[36661] Header length mismatch! (1068 != 1024)
[36698] Header length mismatch! (1252 != 1024)
[36979] Header length mismatch! (1704 != 1024)
[37005] Header length mismatch! (1948 != 1024)
[37057] Header length mismatch! (1860 != 1024)
[37136] Header length mismatch! (1216 != 1024)
[37193] Header length mismatch! (1284 != 1024)
[37320] Header length mismatch! (1260 != 1024)
[37390] Header length mismatch! (1352 != 1024)
[37422] Header length mismatch! (1212 != 1024)
[37463] Header length mismatch! (1200 != 1024)
[37465] Header length mismatch! (1212 != 1024)
[37477] Header length mismatch! (1164 != 1024)
[37546] Header length mismatch! (1168 != 1024)
[37646] Header length mismatch! (1216 != 1024)
[37801] Header length mismatch! (1048 != 1024)
[37859] Header length mismatch! (1076 != 1024)
[37957] Header length mismatch! (1388 != 1024)
[37965] Header length mismatch! (1032 != 1024)
[37971] Header length mismatch! (1128 != 1024)
[38016] Header length mismatch! (1324 != 1024)
[38134] Header length mismatch! (1140 != 1024)
[38289] Header length mismatch! (1072 != 1024)
[38298] Header length mismatch! (1240 != 1024)
[38650] Header length mismatch! (1132 != 1024)
[38997] Header length mismatch! (1444 != 1024)
[39040] Header length mismatch! (1284 != 1024)
[39264] Header length mismatch! (1204 != 1024)
[39274] Header length mismatch! (1040 != 1024)
[39420] Header length mismatch! (1048 != 1024)
[39605] Header length mismatch! (1132 != 1024)
[39746] Header length mismatch! (1184 != 1024)
[39809] Header length mismatch! (1032 != 1024)
[39823] Header length mismatch! (1272 != 1024)
[40036] Header length mismatch! (1528 != 1024)
[40074] Header length mismatch! (1468 != 1024)
[40373] Header length mismatch! (1392 != 1024)
[40390] Header length mismatch! (1240 != 1024)
[40698] Header length mismatch! (1292 != 1024)
[40699] Header length mismatch! (1088 != 1024)
[40782] Header length mismatch! (1096 != 1024)
[41015] Header length mismatch! (1032 != 1024)
[41045] Header length mismatch! (1168 != 1024)
[41074] Header length mismatch! (1700 != 1024)
[41191] Header length mismatch! (1716 != 1024)
[41308] Header length mismatch! (1060 != 1024)
[41498] Header length mismatch! (1164 != 1024)
[41764] Header length mismatch! (1516 != 1024)
[42465] Header length mismatch! (2044 != 1024)
[42516] Header length mismatch! (1132 != 1024)
[42641] Header length mismatch! (1244 != 1024)
[42815] Header length mismatch! (1392 != 1024)
[42834] Header length mismatch! (1260 != 1024)
[42870] Header length mismatch! (1180 != 1024)
[42887] Header length mismatch! (1068 != 1024)
[42888] Header length mismatch! (1096 != 1024)
[42999] Header length mismatch! (1260 != 1024)
[43161] Header length mismatch! (1108 != 1024)
[43228] Header length mismatch! (1044 != 1024)
[43531] Header length mismatch! (1780 != 1024)
[43747] Header length mismatch! (1212 != 1024)
[43812] Header length mismatch! (1412 != 1024)
[44147] Header length mismatch! (1060 != 1024)
[44271] Header length mismatch! (1060 != 1024)
[44328] Header length mismatch! (1384 != 1024)
[44654] Header length mismatch! (1048 != 1024)
[44751] Header length mismatch! (1324 != 1024)
[44825] Header length mismatch! (1104 != 1024)
[44848] Header length mismatch! (1152 != 1024)
[45044] Header length mismatch! (1464 != 1024)
[45211] Header length mismatch! (1176 != 1024)
[45258] Header length mismatch! (1152 != 1024)
[45431] Header length mismatch! (1204 != 1024)
[45733] Header length mismatch! (1428 != 1024)
[46117] Header length mismatch! (1252 != 1024)
[46169] Header length mismatch! (1132 != 1024)
[46260] Header length mismatch! (1160 != 1024)
[46362] Header length mismatch! (1112 != 1024)
[46581] Header length mismatch! (1272 != 1024)
[46666] Header length mismatch! (1328 != 1024)
[46743] Header length mismatch! (1668 != 1024)
[46988] Header length mismatch! (1432 != 1024)
[47211] Header length mismatch! (1676 != 1024)
[47309] Header length mismatch! (1644 != 1024)
[47361] Header length mismatch! (1312 != 1024)
[47439] Header length mismatch! (1424 != 1024)
[47520] Header length mismatch! (1424 != 1024)
[47713] Header length mismatch! (1068 != 1024)
[47939] Header length mismatch! (1116 != 1024)
[47978] Header length mismatch! (1136 != 1024)
[48223] Header length mismatch! (1232 != 1024)
[48362] Header length mismatch! (1540 != 1024)
[48691] Header length mismatch! (1120 != 1024)
[48997] Header length mismatch! (1120 != 1024)
[49141] Header length mismatch! (1108 != 1024)
[49242] Header length mismatch! (1320 != 1024)
[49308] Header length mismatch! (1092 != 1024)
[49655] Header length mismatch! (1576 != 1024)
[49930] Header length mismatch! (1796 != 1024)
GEM_endOfRun
Disabling input trigger...
Disabling input trigger...
Disabling input trigger...
recv() fault:Resource temporarily unavailable
Exit harvester.
GEM_finalize
